<?xml version="1.0" encoding="UTF-8" ?>
<testsuite tests="16" failures="1" name="coe528.lab1.FlightTest" time="0.041" errors="0" skipped="0">
  <properties>
    <property name="java.runtime.name" value="Java(TM) SE Runtime Environment"/>
    <property name="java.vm.version" value="18.0.2.1+1-1"/>
    <property name="sun.boot.library.path" value="C:\Program Files\Java\jdk-18.0.2.1\bin"/>
    <property name="maven.multiModuleProjectDirectory" value="C:\Users\Eddy Perez Macias\Documents\NetBeansProjects\FlightBooking"/>
    <property name="java.vm.vendor" value="Oracle Corporation"/>
    <property name="java.vendor.url" value="https://java.oracle.com/"/>
    <property name="guice.disable.misplaced.annotation.check" value="true"/>
    <property name="path.separator" value=";"/>
    <property name="java.vm.name" value="Java HotSpot(TM) 64-Bit Server VM"/>
    <property name="sun.os.patch.level" value=""/>
    <property name="user.script" value=""/>
    <property name="user.country" value="CA"/>
    <property name="sun.java.launcher" value="SUN_STANDARD"/>
    <property name="java.vm.specification.name" value="Java Virtual Machine Specification"/>
    <property name="user.dir" value="C:\Users\Eddy Perez Macias\Documents\NetBeansProjects\FlightBooking"/>
    <property name="java.vm.compressedOopsMode" value="32-bit"/>
    <property name="java.runtime.version" value="18.0.2.1+1-1"/>
    <property name="os.arch" value="amd64"/>
    <property name="java.io.tmpdir" value="C:\Users\EDDYPE~1\AppData\Local\Temp\"/>
    <property name="line.separator" value="
"/>
    <property name="java.vm.specification.vendor" value="Oracle Corporation"/>
    <property name="user.variant" value=""/>
    <property name="os.name" value="Windows 10"/>
    <property name="maven.ext.class.path" value="D:\NetBeans-16\netbeans\java\maven-nblib\netbeans-eventspy.jar"/>
    <property name="classworlds.conf" value="D:\NetBeans-16\netbeans\java\maven\bin\m2.conf"/>
    <property name="sun.jnu.encoding" value="Cp1252"/>
    <property name="java.library.path" value="C:\Program Files\Java\jdk-18.0.2.1\bin;C:\Windows\Sun\Java\bin;C:\Windows\system32;C:\Windows;C:\Program Files\Common Files\Oracle\Java\javapath;C:\Program Files (x86)\Common Files\Oracle\Java\javapath;C:\ProgramData\Oracle\Java\javapath;C:\Program Files (x86)\Intel\iCLS Client\;C:\Program Files\Intel\iCLS Client\;C:\Program Files\mingw-w64\mingw64\bin;C:\Windows\system32;C:\Windows;C:\Windows\System32\Wbem;C:\Windows\System32\WindowsPowerShell\v1.0\;C:\Windows\System32\OpenSSH\;;D:\TDM-GCC_F\bin;C:\Users\Eddy Perez Macias\AppData\Local\Microsoft\WindowsApps;."/>
    <property name="maven.conf" value="D:\NetBeans-16\netbeans\java\maven/conf"/>
    <property name="jdk.debug" value="release"/>
    <property name="java.class.version" value="62.0"/>
    <property name="java.specification.name" value="Java Platform API Specification"/>
    <property name="sun.management.compiler" value="HotSpot 64-Bit Tiered Compilers"/>
    <property name="os.version" value="10.0"/>
    <property name="library.jansi.path" value="D:\NetBeans-16\netbeans\java\maven\lib\jansi-native"/>
    <property name="user.home" value="C:\Users\Eddy Perez Macias"/>
    <property name="user.timezone" value="America/Toronto"/>
    <property name="file.encoding" value="UTF-8"/>
    <property name="java.specification.version" value="18"/>
    <property name="user.name" value="Eddy Perez Macias"/>
    <property name="java.class.path" value="D:\NetBeans-16\netbeans\java\maven\boot\plexus-classworlds-2.6.0.jar"/>
    <property name="java.vm.specification.version" value="18"/>
    <property name="sun.arch.data.model" value="64"/>
    <property name="sun.java.command" value="org.codehaus.plexus.classworlds.launcher.Launcher -Dmaven.ext.class.path=D:\NetBeans-16\netbeans\java\maven-nblib\netbeans-eventspy.jar clean install"/>
    <property name="java.home" value="C:\Program Files\Java\jdk-18.0.2.1"/>
    <property name="user.language" value="en"/>
    <property name="java.specification.vendor" value="Oracle Corporation"/>
    <property name="java.vm.info" value="mixed mode, sharing"/>
    <property name="java.version" value="18.0.2.1"/>
    <property name="native.encoding" value="Cp1252"/>
    <property name="java.vendor" value="Oracle Corporation"/>
    <property name="maven.home" value="D:\NetBeans-16\netbeans\java\maven"/>
    <property name="file.separator" value="\"/>
    <property name="java.version.date" value="2022-08-18"/>
    <property name="java.vendor.url.bug" value="https://bugreport.java.com/bugreport/"/>
    <property name="sun.io.unicode.encoding" value="UnicodeLittle"/>
    <property name="sun.cpu.endian" value="little"/>
    <property name="sun.cpu.isalist" value="amd64"/>
  </properties>
  <testcase classname="coe528.lab1.FlightTest" name="coe528.lab1.FlightTest.testSetOriginalPrice" time="0.011"/>
  <testcase classname="coe528.lab1.FlightTest" name="coe528.lab1.FlightTest.testGetOriginalPrice" time="0.001"/>
  <testcase classname="coe528.lab1.FlightTest" name="coe528.lab1.FlightTest.testInvalidConstructor" time="0.019">
    <failure message="Expected java.lang.IllegalArgumentException to be thrown, but nothing was thrown." type="org.opentest4j.AssertionFailedError">org.opentest4j.AssertionFailedError: Expected java.lang.IllegalArgumentException to be thrown, but nothing was thrown.
	at org.junit.jupiter.api.AssertThrows.assertThrows(AssertThrows.java:71)
	at org.junit.jupiter.api.AssertThrows.assertThrows(AssertThrows.java:37)
	at org.junit.jupiter.api.Assertions.assertThrows(Assertions.java:2952)
	at coe528.lab1.FlightTest.testInvalidConstructor(FlightTest.java:77)
</failure>
  </testcase>
  <testcase classname="coe528.lab1.FlightTest" name="coe528.lab1.FlightTest.testGetdestination" time="0.001"/>
  <testcase classname="coe528.lab1.FlightTest" name="coe528.lab1.FlightTest.testGetdepTime" time="0"/>
  <testcase classname="coe528.lab1.FlightTest" name="coe528.lab1.FlightTest.testSetdepTime" time="0.001"/>
  <testcase classname="coe528.lab1.FlightTest" name="coe528.lab1.FlightTest.testGetcap" time="0.001"/>
  <testcase classname="coe528.lab1.FlightTest" name="coe528.lab1.FlightTest.testSetcap" time="0.001"/>
  <testcase classname="coe528.lab1.FlightTest" name="coe528.lab1.FlightTest.testSetflightNum" time="0.001"/>
  <testcase classname="coe528.lab1.FlightTest" name="coe528.lab1.FlightTest.testGetnumOfSeatsL" time="0.001"/>
  <testcase classname="coe528.lab1.FlightTest" name="coe528.lab1.FlightTest.testSetOrigin" time="0"/>
  <testcase classname="coe528.lab1.FlightTest" name="coe528.lab1.FlightTest.testSetnumOfSeatsL" time="0"/>
  <testcase classname="coe528.lab1.FlightTest" name="coe528.lab1.FlightTest.testGetflightNum" time="0"/>
  <testcase classname="coe528.lab1.FlightTest" name="coe528.lab1.FlightTest.testSetdestination" time="0"/>
  <testcase classname="coe528.lab1.FlightTest" name="coe528.lab1.FlightTest.testGetOrigin" time="0.001"/>
  <testcase classname="coe528.lab1.FlightTest" name="coe528.lab1.FlightTest.testConstructor" time="0.003"/>
</testsuite>